Notification/app/build/intermediates/manifest_merge_blame_file/debug/manifest-merger-blame-debug-report.txt
1<?xml version="1.0" encoding="utf-8"?>
2<manifest xmlns:android="http://schemas.android.com/apk/res/android"
3    xmlns:dist="http://schemas.android.com/apk/distribution"
4    package="com.example.notification"
5    android:versionCode="1"
6    android:versionName="1.0" >
7
8    <uses-sdk
9        android:minSdkVersion="18"
9-->src\main\AndroidManifest.xml
10        android:targetSdkVersion="29" />
10-->src\main\AndroidManifest.xml
11
12    <dist:module dist:instant="true" />
12-->src\main\AndroidManifest.xml:6:5-40
12-->src\main\AndroidManifest.xml:6:18-37
13
14    <application
14-->src\main\AndroidManifest.xml:8:5-33:19
15        android:allowBackup="true"
15-->src\main\AndroidManifest.xml:9:9-35
16        android:appComponentFactory="androidx.core.app.CoreComponentFactory"
16-->[androidx.core:core:1.0.1] AndroidManifest.xml:22:18-86
17        android:debuggable="true"
18        android:icon="@mipmap/ic_launcher"
18-->src\main\AndroidManifest.xml:10:9-43
19        android:label="@string/app_name"
19-->src\main\AndroidManifest.xml:11:9-41
20        android:roundIcon="@mipmap/ic_launcher_round"
20-->src\main\AndroidManifest.xml:12:9-54
21        android:supportsRtl="true"
21-->src\main\AndroidManifest.xml:13:9-35
22        android:theme="@style/AppTheme" >
22-->src\main\AndroidManifest.xml:14:9-40
23        <receiver android:name="com.example.notification.NewAppWidget" >
23-->src\main\AndroidManifest.xml:16:9-24:20
23-->src\main\AndroidManifest.xml:16:19-47
24            <intent-filter>
24-->src\main\AndroidManifest.xml:17:13-19:29
25                <action android:name="android.appwidget.action.APPWIDGET_UPDATE" />
25-->src\main\AndroidManifest.xml:18:17-84
25-->src\main\AndroidManifest.xml:18:25-81
26            </intent-filter>
27
28            <meta-data
28-->src\main\AndroidManifest.xml:21:13-23:63
29                android:name="android.appwidget.provider"
29-->src\main\AndroidManifest.xml:22:17-58
30                android:resource="@xml/new_app_widget_info" />
30-->src\main\AndroidManifest.xml:23:17-60
31        </receiver>
32
33        <activity android:name="com.example.notification.MainActivity" >
33-->src\main\AndroidManifest.xml:26:9-32:20
33-->src\main\AndroidManifest.xml:26:19-47
34            <intent-filter>
34-->src\main\AndroidManifest.xml:27:13-31:29
35                <action android:name="android.intent.action.MAIN" />
35-->src\main\AndroidManifest.xml:28:17-69
35-->src\main\AndroidManifest.xml:28:25-66
36
37                <category android:name="android.intent.category.LAUNCHER" />
37-->src\main\AndroidManifest.xml:30:17-77
37-->src\main\AndroidManifest.xml:30:27-74
38            </intent-filter>
39        </activity>
40    </application>
41
42</manifest>